mobile/build/outputs/logs/manifest-merger-release-report.txt
-- Merging decision tree log ---
manifest
ADDED from AndroidManifest.xml:2:1
	package
		ADDED from AndroidManifest.xml:3:5
		INJECTED from AndroidManifest.xml:0:0
		INJECTED from AndroidManifest.xml:0:0
	android:versionName
		ADDED from AndroidManifest.xml:5:5
		INJECTED from AndroidManifest.xml:0:0
		INJECTED from AndroidManifest.xml:0:0
	android:versionCode
		ADDED from AndroidManifest.xml:4:5
		INJECTED from AndroidManifest.xml:0:0
		INJECTED from AndroidManifest.xml:0:0
	xmlns:android
		ADDED from AndroidManifest.xml:2:11
uses-permission#android.permission.INTERNET
ADDED from AndroidManifest.xml:7:5
	android:name
		ADDED from AndroidManifest.xml:7:22
uses-permission#android.permission.CHANGE_WIFI_MULTICAST_STATE
ADDED from AndroidManifest.xml:8:5
	android:name
		ADDED from AndroidManifest.xml:8:22
uses-permission#android.permission.ACCESS_NETWORK_STATE
ADDED from AndroidManifest.xml:9:5
	android:name
		ADDED from AndroidManifest.xml:9:22
uses-permission#android.permission.ACCESS_WIFI_STATE
ADDED from AndroidManifest.xml:10:5
	android:name
		ADDED from AndroidManifest.xml:10:22
uses-permission#android.permission.READ_LOGS
ADDED from AndroidManifest.xml:11:5
	android:name
		ADDED from AndroidManifest.xml:11:22
uses-permission#android.permission.GET_TASKS
ADDED from AndroidManifest.xml:12:5
	android:name
		ADDED from AndroidManifest.xml:12:22
uses-permission#android.permission.NFC
ADDED from AndroidManifest.xml:13:5
	android:name
		ADDED from AndroidManifest.xml:13:22
uses-permission#android.permission.WAKE_LOCK
ADDED from AndroidManifest.xml:15:5
	android:name
		ADDED from AndroidManifest.xml:15:22
uses-permission#com.google.android.c2dm.permission.RECEIVE
ADDED from AndroidManifest.xml:16:5
	android:name
		ADDED from AndroidManifest.xml:16:22
permission#me.willowcheng.makerthings.gcm.permission.C2D_MESSAGE
ADDED from AndroidManifest.xml:18:5
	android:protectionLevel
		ADDED from AndroidManifest.xml:20:9
	android:name
		ADDED from AndroidManifest.xml:19:9
uses-permission#me.willowcheng.makerthings.gcm.permission.C2D_MESSAGE
ADDED from AndroidManifest.xml:22:5
	android:name
		ADDED from AndroidManifest.xml:22:22
uses-permission#android.permission.ACCESS_FINE_LOCATION
ADDED from AndroidManifest.xml:23:5
	android:name
		ADDED from AndroidManifest.xml:23:22
uses-feature#android.hardware.location.gps
ADDED from AndroidManifest.xml:25:5
	android:required
		ADDED from AndroidManifest.xml:27:9
	android:name
		ADDED from AndroidManifest.xml:26:9
uses-feature#android.hardware.nfc
ADDED from AndroidManifest.xml:28:5
	android:required
		ADDED from AndroidManifest.xml:30:9
	android:name
		ADDED from AndroidManifest.xml:29:9
application
ADDED from AndroidManifest.xml:32:5
MERGED from com.google.android.gms:play-services:6.5.87:20:5
MERGED from com.android.support:support-v4:21.0.3:16:5
MERGED from com.android.support:appcompat-v7:21.0.3:16:5
MERGED from com.android.support:support-v4:21.0.3:16:5
MERGED from com.android.support:cardview-v7:21.0.2:16:5
MERGED from AndroidManifest.xml:4:5
	android:label
		ADDED from AndroidManifest.xml:36:9
	android:allowBackup
		ADDED from AndroidManifest.xml:34:9
	android:icon
		ADDED from AndroidManifest.xml:35:9
	android:theme
		ADDED from AndroidManifest.xml:37:9
	android:name
		ADDED from AndroidManifest.xml:33:9
activity#me.willowcheng.makerthings.ui.SplashScreen
ADDED from AndroidManifest.xml:38:9
	android:launchMode
		ADDED from AndroidManifest.xml:40:13
	android:theme
		ADDED from AndroidManifest.xml:41:13
	android:name
		ADDED from AndroidManifest.xml:39:13
intent-filter#android.intent.action.MAIN+android.intent.category.LAUNCHER
ADDED from AndroidManifest.xml:42:13
action#android.intent.action.MAIN
ADDED from AndroidManifest.xml:43:17
	android:name
		ADDED from AndroidManifest.xml:43:25
category#android.intent.category.LAUNCHER
ADDED from AndroidManifest.xml:44:17
	android:name
		ADDED from AndroidManifest.xml:44:27
activity#me.willowcheng.makerthings.ui.SignupActivity
ADDED from AndroidManifest.xml:47:9
	android:theme
		ADDED from AndroidManifest.xml:49:13
	android:name
		ADDED from AndroidManifest.xml:48:13
meta-data#android.support.PARENT_ACTIVITY
ADDED from AndroidManifest.xml:50:13
	android:value
		ADDED from AndroidManifest.xml:52:17
	android:name
		ADDED from AndroidManifest.xml:51:17
activity#me.willowcheng.makerthings.ui.OpenHABPreferencesActivity
ADDED from AndroidManifest.xml:54:9
	android:label
		ADDED from AndroidManifest.xml:56:13
	android:name
		ADDED from AndroidManifest.xml:55:13
activity#me.willowcheng.makerthings.ui.OpenHABMainActivity
ADDED from AndroidManifest.xml:61:9
	android:label
		ADDED from AndroidManifest.xml:63:13
	android:launchMode
		ADDED from AndroidManifest.xml:64:13
	android:theme
		ADDED from AndroidManifest.xml:65:13
	android:name
		ADDED from AndroidManifest.xml:62:13
intent-filter#android.intent.category.DEFAULT+android.nfc.action.NDEF_DISCOVERED
ADDED from AndroidManifest.xml:66:13
action#android.nfc.action.NDEF_DISCOVERED
ADDED from AndroidManifest.xml:67:17
	android:name
		ADDED from AndroidManifest.xml:67:25
category#android.intent.category.DEFAULT
ADDED from AndroidManifest.xml:68:17
	android:name
		ADDED from AndroidManifest.xml:68:27
data
ADDED from AndroidManifest.xml:69:17
	android:scheme
		ADDED from AndroidManifest.xml:69:23
intent-filter#android.intent.action.VIEW+android.intent.category.BROWSABLE+android.intent.category.DEFAULT
ADDED from AndroidManifest.xml:71:13
action#android.intent.action.VIEW
ADDED from AndroidManifest.xml:72:17
	android:name
		ADDED from AndroidManifest.xml:72:25
category#android.intent.category.BROWSABLE
ADDED from AndroidManifest.xml:75:17
	android:name
		ADDED from AndroidManifest.xml:75:27
activity#me.willowcheng.makerthings.ui.OpenHABWriteTagActivity
ADDED from AndroidManifest.xml:80:9
	android:label
		ADDED from AndroidManifest.xml:82:13
	android:name
		ADDED from AndroidManifest.xml:81:13
activity#me.willowcheng.makerthings.ui.OpenHABInfoActivity
ADDED from AndroidManifest.xml:87:9
	android:label
		ADDED from AndroidManifest.xml:89:13
	android:name
		ADDED from AndroidManifest.xml:88:13
activity#de.duenndns.ssl.MemorizingActivity
ADDED from AndroidManifest.xml:94:9
	android:name
		ADDED from AndroidManifest.xml:94:19
service#me.willowcheng.makerthings.core.OpenHABVoiceService
ADDED from AndroidManifest.xml:96:9
	android:exported
		ADDED from AndroidManifest.xml:98:13
	android:name
		ADDED from AndroidManifest.xml:97:13
receiver#me.willowcheng.makerthings.core.GcmBroadcastReceiver
ADDED from AndroidManifest.xml:100:9
	android:permission
		ADDED from AndroidManifest.xml:102:13
	android:name
		ADDED from AndroidManifest.xml:101:13
intent-filter#com.google.android.c2dm.intent.RECEIVE+me.willowcheng.makerthings
ADDED from AndroidManifest.xml:103:13
action#com.google.android.c2dm.intent.RECEIVE
ADDED from AndroidManifest.xml:104:17
	android:name
		ADDED from AndroidManifest.xml:104:25
category#me.willowcheng.makerthings
ADDED from AndroidManifest.xml:105:17
	android:name
		ADDED from AndroidManifest.xml:105:27
receiver#me.willowcheng.makerthings.core.NotificationDeletedBroadcastReceiver
ADDED from AndroidManifest.xml:108:9
	android:name
		ADDED from AndroidManifest.xml:108:19
intent-filter#me.willowcheng.makerthings+me.willowcheng.makerthings.notification.deleted
ADDED from AndroidManifest.xml:109:13
action#me.willowcheng.makerthings.notification.deleted
ADDED from AndroidManifest.xml:110:17
	android:name
		ADDED from AndroidManifest.xml:110:25
service#me.willowcheng.makerthings.core.GcmIntentService
ADDED from AndroidManifest.xml:115:9
	android:name
		ADDED from AndroidManifest.xml:115:18
receiver#me.willowcheng.makerthings.ui.VoiceWidget
ADDED from AndroidManifest.xml:116:9
	android:label
		ADDED from AndroidManifest.xml:118:13
	android:name
		ADDED from AndroidManifest.xml:117:13
intent-filter#android.appwidget.action.APPWIDGET_UPDATE
ADDED from AndroidManifest.xml:119:13
action#android.appwidget.action.APPWIDGET_UPDATE
ADDED from AndroidManifest.xml:120:17
	android:name
		ADDED from AndroidManifest.xml:120:25
meta-data#android.appwidget.provider
ADDED from AndroidManifest.xml:122:13
	android:resource
		ADDED from AndroidManifest.xml:124:17
	android:name
		ADDED from AndroidManifest.xml:123:17
uses-sdk
INJECTED from AndroidManifest.xml:0:0 reason: use-sdk injection requested
MERGED from com.google.android.gms:play-services:6.5.87:18:5
MERGED from com.android.support:support-v4:21.0.3:15:5
MERGED from com.android.support:appcompat-v7:21.0.3:15:5
MERGED from com.android.support:support-v4:21.0.3:15:5
MERGED from com.github.shell-software:fab:1.1.0:25:5
MERGED from com.github.shell-software:viewmover:1.0.1:25:5
MERGED from com.github.shell-software:uitools:1.0.0:25:5
MERGED from com.android.support:cardview-v7:21.0.2:15:5
MERGED from AndroidManifest.xml:3:13
	android:targetSdkVersion
		INJECTED from AndroidManifest.xml:0:0
		INJECTED from AndroidManifest.xml:0:0
	android:minSdkVersion
		INJECTED from AndroidManifest.xml:0:0
		INJECTED from AndroidManifest.xml:0:0
meta-data#com.google.android.gms.version
ADDED from com.google.android.gms:play-services:6.5.87:21:9
	android:value
		ADDED from com.google.android.gms:play-services:6.5.87:23:13
	android:name
		ADDED from com.google.android.gms:play-services:6.5.87:22:13
meta-data#com.google.android.wearable.beta.app
ADDED from AndroidManifest.xml:5:9
	android:resource
		ADDED from AndroidManifest.xml:6:20
	android:name
		ADDED from AndroidManifest.xml:5:20